<?xml version="1.0" encoding="UTF-8"?>
<testng-results ignored="0" total="2" passed="2" failed="0" skipped="0">
  <reporter-output>
  </reporter-output>
  <suite started-at="2024-01-04T17:22:21 IST" name="Default suite" finished-at="2024-01-04T17:22:40 IST" duration-ms="19444">
    <groups>
    </groups>
    <test started-at="2024-01-04T17:22:21 IST" name="Default test" finished-at="2024-01-04T17:22:40 IST" duration-ms="19444">
      <class name="tests.HomePageTest">
        <test-method is-config="true" signature="setup()[pri:0, instance:tests.HomePageTest@72e5a8e]" started-at="2024-01-04T17:22:21 IST" name="setup" finished-at="2024-01-04T17:22:40 IST" duration-ms="19317" status="PASS">
          <reporter-output>
          </reporter-output>
        </test-method> <!-- setup -->
        <test-method signature="homeLogoTest()[pri:0, instance:tests.HomePageTest@72e5a8e]" started-at="2024-01-04T17:22:40 IST" name="homeLogoTest" finished-at="2024-01-04T17:22:40 IST" duration-ms="11" status="PASS">
          <reporter-output>
          </reporter-output>
        </test-method> <!-- homeLogoTest -->
        <test-method signature="homePageTitleTest()[pri:0, instance:tests.HomePageTest@72e5a8e]" started-at="2024-01-04T17:22:40 IST" name="homePageTitleTest" finished-at="2024-01-04T17:22:40 IST" duration-ms="19" status="PASS">
          <reporter-output>
          </reporter-output>
        </test-method> <!-- homePageTitleTest -->
        <test-method is-config="true" signature="tearDown()[pri:0, instance:tests.HomePageTest@72e5a8e]" started-at="2024-01-04T17:22:40 IST" name="tearDown" finished-at="2024-01-04T17:22:40 IST" duration-ms="50" status="PASS">
          <reporter-output>
          </reporter-output>
        </test-method> <!-- tearDown -->
      </class> <!-- tests.HomePageTest -->
    </test> <!-- Default test -->
  </suite> <!-- Default suite -->
</testng-results>
